<?xml version="1.0" encoding="UTF-8"?>
<!-- Generated by org.testng.reporters.JUnitXMLReporter -->
<testsuite ignored="1" hostname="DESKTOP-U3REVBH" failures="0" tests="1" name="Default test" time="0.065" errors="0" timestamp="2024-05-01T16:16:43 IST">
  <testcase classname="ractise.RahulShettyTutP.SubmitOrderTest" name="submitOrder" time="0.0">
    <skipped/>
  </testcase> <!-- submitOrder -->
  <testcase classname="ractise.RahulShettyTutP.SubmitOrderTest" name="orderTest" time="0.0">
    <ignored/>
  </testcase> <!-- orderTest -->
</testsuite> <!-- Default test -->
